ARM GAS  startup_stm32f4xx.s 			page 1


   1              	/**
   2              	  ******************************************************************************
   3              	  * @file      startup_stm32f4xx.s
   4              	  * @author    MCD Application Team
   5              	  * @version   V1.0.0
   6              	  * @date      30-September-2011
   7              	  * @brief     STM32F4xx Devices vector table for RIDE7 toolchain. 
   8              	  *            This module performs:
   9              	  *                - Set the initial SP
  10              	  *                - Set the initial PC == Reset_Handler,
  11              	  *                - Set the vector table entries with the exceptions ISR address
  12              	  *                - Configure the clock system and the external SRAM mounted on 
  13              	  *                  STM324xG-EVAL board to be used as data memory (optional, 
  14              	  *                  to be enabled by user)
  15              	  *                - Branches to main in the C library (which eventually
  16              	  *                  calls main()).
  17              	  *            After Reset the Cortex-M4 processor is in Thread mode,
  18              	  *            priority is Privileged, and the Stack is set to Main.
  19              	  ******************************************************************************
  20              	  * @attention
  21              	  *
  22              	  * THE PRESENT FIRMWARE WHICH IS FOR GUIDANCE ONLY AIMS AT PROVIDING CUSTOMERS
  23              	  * WITH CODING INFORMATION REGARDING THEIR PRODUCTS IN ORDER FOR THEM TO SAVE
  24              	  * TIME. AS A RESULT, STMICROELECTRONICS SHALL NOT BE HELD LIABLE FOR ANY
  25              	  * DIRECT, INDIRECT OR CONSEQUENTIAL DAMAGES WITH RESPECT TO ANY CLAIMS ARISING
  26              	  * FROM THE CONTENT OF SUCH FIRMWARE AND/OR THE USE MADE BY CUSTOMERS OF THE
  27              	  * CODING INFORMATION CONTAINED HEREIN IN CONNECTION WITH THEIR PRODUCTS.
  28              	  *
  29              	  * <h2><center>&copy; COPYRIGHT 2011 STMicroelectronics</center></h2>
  30              	  ******************************************************************************
  31              	  */
  32              	    
  33              	  .syntax unified
  34              	  .cpu cortex-m3
  35              	  .fpu softvfp
  36              	  .thumb
  37              	
  38              	.global  g_pfnVectors
  39              	.global  Default_Handler
  40              	
  41              	/* start address for the initialization values of the .data section. 
  42              	defined in linker script */
  43 0000 00000000 	.word  _sidata
  44              	/* start address for the .data section. defined in linker script */  
  45 0004 00000000 	.word  _sdata
  46              	/* end address for the .data section. defined in linker script */
  47 0008 00000000 	.word  _edata
  48              	/* start address for the .bss section. defined in linker script */
  49 000c 00000000 	.word  _sbss
  50              	/* end address for the .bss section. defined in linker script */
  51 0010 00000000 	.word  _ebss
  52              	/* stack used for SystemInit_ExtMemCtl; always internal RAM used */
  53              	
  54              	/**
  55              	 * @brief  This is the code that gets called when the processor first
  56              	 *          starts execution following a reset event. Only the absolutely
  57              	 *          necessary set is performed, after which the application
ARM GAS  startup_stm32f4xx.s 			page 2


  58              	 *          supplied main() routine is called. 
  59              	 * @param  None
  60              	 * @retval : None
  61              	*/
  62              	
  63              	    .section  .text.Reset_Handler
  64              	  .weak  Reset_Handler
  65              	  .type  Reset_Handler, %function
  66              	Reset_Handler:  
  67              	
  68              	/* Copy the data segment initializers from flash to SRAM */  
  69 0000 0021     	  movs  r1, #0
  70 0002 03E0     	  b  LoopCopyDataInit
  71              	
  72              	CopyDataInit:
  73 0004 094B     	  ldr  r3, =_sidata
  74 0006 5B58     	  ldr  r3, [r3, r1]
  75 0008 4350     	  str  r3, [r0, r1]
  76 000a 0431     	  adds  r1, r1, #4
  77              	    
  78              	LoopCopyDataInit:
  79 000c 0848     	  ldr  r0, =_sdata
  80 000e 094B     	  ldr  r3, =_edata
  81 0010 4218     	  adds  r2, r0, r1
  82 0012 9A42     	  cmp  r2, r3
  83 0014 F6D3     	  bcc  CopyDataInit
  84 0016 084A     	  ldr  r2, =_sbss
  85 0018 02E0     	  b  LoopFillZerobss
  86              	/* Zero fill the bss segment. */  
  87              	FillZerobss:
  88 001a 0023     	  movs  r3, #0
  89 001c 42F8043B 	  str  r3, [r2], #4
  90              	    
  91              	LoopFillZerobss:
  92 0020 064B     	  ldr  r3, = _ebss
  93 0022 9A42     	  cmp  r2, r3
  94 0024 F9D3     	  bcc  FillZerobss
  95              	
  96              	/* Call the clock system intitialization function.*/
  97              	/* NOTE: The call to SystemInit has been removed from this .s file.     */
  98              	/* The clock system initialization is now assumed to happen in main(). */
  99              	/*  bl  SystemInit						                               */
 100              	
 101              	/* Call the application's entry point.*/
 102 0026 FFF7FEFF 	  bl  main
 103 002a 7047     	  bx  lr    
 104              	.size  Reset_Handler, .-Reset_Handler
 105              	
 106              	/**
 107              	 * @brief  This is the code that gets called when the processor receives an 
 108              	 *         unexpected interrupt.  This simply enters an infinite loop, preserving
 109              	 *         the system state for examination by a debugger.
 110              	 * @param  None     
 111              	 * @retval None       
 112              	*/
 113              	    .section  .text.Default_Handler,"ax",%progbits
 114              	Default_Handler:
ARM GAS  startup_stm32f4xx.s 			page 3


 115              	Infinite_Loop:
 116 0000 FEE7     	  b  Infinite_Loop
 117              	  .size  Default_Handler, .-Default_Handler
 118              	/******************************************************************************
 119              	*
 120              	* The minimal vector table for a Cortex M3. Note that the proper constructs
 121              	* must be placed on this to ensure that it ends up at physical address
 122              	* 0x0000.0000.
 123              	* 
 124              	*******************************************************************************/
 125              	   .section  .isr_vector,"a",%progbits
 126              	  .type  g_pfnVectors, %object
 127              	  .size  g_pfnVectors, .-g_pfnVectors
 128              	    
 129              	    
 130              	g_pfnVectors:
 131 0000 00000000 	  .word  _estack
 132 0004 00000000 	  .word  Reset_Handler
 133 0008 00000000 	  .word  NMI_Handler
 134 000c 00000000 	  .word  HardFault_Handler
 135 0010 00000000 	  .word  MemManage_Handler
 136 0014 00000000 	  .word  BusFault_Handler
 137 0018 00000000 	  .word  UsageFault_Handler
 138 001c 00000000 	  .word  0
 139 0020 00000000 	  .word  0
 140 0024 00000000 	  .word  0
 141 0028 00000000 	  .word  0
 142 002c 00000000 	  .word  SVC_Handler
 143 0030 00000000 	  .word  DebugMon_Handler
 144 0034 00000000 	  .word  0
 145 0038 00000000 	  .word  PendSV_Handler
 146 003c 00000000 	  .word  SysTick_Handler
 147              	  
 148              	  /* External Interrupts */
 149 0040 00000000 	  .word     WWDG_IRQHandler                   /* Window WatchDog              */                   
 150 0044 00000000 	  .word     PVD_IRQHandler                    /* PVD through EXTI Line detection */                
 151 0048 00000000 	  .word     TAMP_STAMP_IRQHandler             /* Tamper and TimeStamps through the EXTI line */    
 152 004c 00000000 	  .word     RTC_WKUP_IRQHandler               /* RTC Wakeup through the EXTI line */               
 153 0050 00000000 	  .word     FLASH_IRQHandler                  /* FLASH                        */                   
 154 0054 00000000 	  .word     RCC_IRQHandler                    /* RCC                          */                   
 155 0058 00000000 	  .word     EXTI0_IRQHandler                  /* EXTI Line0                   */                   
 156 005c 00000000 	  .word     EXTI1_IRQHandler                  /* EXTI Line1                   */                   
 157 0060 00000000 	  .word     EXTI2_IRQHandler                  /* EXTI Line2                   */                   
 158 0064 00000000 	  .word     EXTI3_IRQHandler                  /* EXTI Line3                   */                   
 159 0068 00000000 	  .word     EXTI4_IRQHandler                  /* EXTI Line4                   */                   
 160 006c 00000000 	  .word     DMA1_Stream0_IRQHandler           /* DMA1 Stream 0                */                  
 161 0070 00000000 	  .word     DMA1_Stream1_IRQHandler           /* DMA1 Stream 1                */                   
 162 0074 00000000 	  .word     DMA1_Stream2_IRQHandler           /* DMA1 Stream 2                */                   
 163 0078 00000000 	  .word     DMA1_Stream3_IRQHandler           /* DMA1 Stream 3                */                   
 164 007c 00000000 	  .word     DMA1_Stream4_IRQHandler           /* DMA1 Stream 4                */                   
 165 0080 00000000 	  .word     DMA1_Stream5_IRQHandler           /* DMA1 Stream 5                */                   
 166 0084 00000000 	  .word     DMA1_Stream6_IRQHandler           /* DMA1 Stream 6                */                   
 167 0088 00000000 	  .word     ADC_IRQHandler                    /* ADC1, ADC2 and ADC3s         */                   
 168 008c 00000000 	  .word     CAN1_TX_IRQHandler                /* CAN1 TX                      */                   
 169 0090 00000000 	  .word     CAN1_RX0_IRQHandler               /* CAN1 RX0                     */                   
 170 0094 00000000 	  .word     CAN1_RX1_IRQHandler               /* CAN1 RX1                     */                   
 171 0098 00000000 	  .word     CAN1_SCE_IRQHandler               /* CAN1 SCE                     */                   
ARM GAS  startup_stm32f4xx.s 			page 4


 172 009c 00000000 	  .word     EXTI9_5_IRQHandler                /* External Line[9:5]s          */                   
 173 00a0 00000000 	  .word     TIM1_BRK_TIM9_IRQHandler          /* TIM1 Break and TIM9          */         
 174 00a4 00000000 	  .word     TIM1_UP_TIM10_IRQHandler          /* TIM1 Update and TIM10        */         
 175 00a8 00000000 	  .word     TIM1_TRG_COM_TIM11_IRQHandler     /* TIM1 Trigger and Commutation and TIM11 */
 176 00ac 00000000 	  .word     TIM1_CC_IRQHandler                /* TIM1 Capture Compare         */                   
 177 00b0 00000000 	  .word     TIM2_IRQHandler                   /* TIM2                         */                   
 178 00b4 00000000 	  .word     TIM3_IRQHandler                   /* TIM3                         */                   
 179 00b8 00000000 	  .word     TIM4_IRQHandler                   /* TIM4                         */                   
 180 00bc 00000000 	  .word     I2C1_EV_IRQHandler                /* I2C1 Event                   */                   
 181 00c0 00000000 	  .word     I2C1_ER_IRQHandler                /* I2C1 Error                   */                   
 182 00c4 00000000 	  .word     I2C2_EV_IRQHandler                /* I2C2 Event                   */                   
 183 00c8 00000000 	  .word     I2C2_ER_IRQHandler                /* I2C2 Error                   */                   
 184 00cc 00000000 	  .word     SPI1_IRQHandler                   /* SPI1                         */                   
 185 00d0 00000000 	  .word     SPI2_IRQHandler                   /* SPI2                         */                   
 186 00d4 00000000 	  .word     USART1_IRQHandler                 /* USART1                       */                   
 187 00d8 00000000 	  .word     USART2_IRQHandler                 /* USART2                       */                   
 188 00dc 00000000 	  .word     USART3_IRQHandler                 /* USART3                       */                   
 189 00e0 00000000 	  .word     EXTI15_10_IRQHandler              /* External Line[15:10]s        */                   
 190 00e4 00000000 	  .word     RTC_Alarm_IRQHandler              /* RTC Alarm (A and B) through EXTI Line */          
 191 00e8 00000000 	  .word     OTG_FS_WKUP_IRQHandler            /* USB OTG FS Wakeup through EXTI line */            
 192 00ec 00000000 	  .word     TIM8_BRK_TIM12_IRQHandler         /* TIM8 Break and TIM12         */         
 193 00f0 00000000 	  .word     TIM8_UP_TIM13_IRQHandler          /* TIM8 Update and TIM13        */         
 194 00f4 00000000 	  .word     TIM8_TRG_COM_TIM14_IRQHandler     /* TIM8 Trigger and Commutation and TIM14 */
 195 00f8 00000000 	  .word     TIM8_CC_IRQHandler                /* TIM8 Capture Compare         */                   
 196 00fc 00000000 	  .word     DMA1_Stream7_IRQHandler           /* DMA1 Stream7                 */                   
 197 0100 00000000 	  .word     FSMC_IRQHandler                   /* FSMC                         */                   
 198 0104 00000000 	  .word     SDIO_IRQHandler                   /* SDIO                         */                   
 199 0108 00000000 	  .word     TIM5_IRQHandler                   /* TIM5                         */                   
 200 010c 00000000 	  .word     SPI3_IRQHandler                   /* SPI3                         */                   
 201 0110 00000000 	  .word     UART4_IRQHandler                  /* UART4                        */                   
 202 0114 00000000 	  .word     UART5_IRQHandler                  /* UART5                        */                   
 203 0118 00000000 	  .word     TIM6_DAC_IRQHandler               /* TIM6 and DAC1&2 underrun errors */                
 204 011c 00000000 	  .word     TIM7_IRQHandler                   /* TIM7                         */
 205 0120 00000000 	  .word     DMA2_Stream0_IRQHandler           /* DMA2 Stream 0                */                   
 206 0124 00000000 	  .word     DMA2_Stream1_IRQHandler           /* DMA2 Stream 1                */                   
 207 0128 00000000 	  .word     DMA2_Stream2_IRQHandler           /* DMA2 Stream 2                */                   
 208 012c 00000000 	  .word     DMA2_Stream3_IRQHandler           /* DMA2 Stream 3                */                   
 209 0130 00000000 	  .word     DMA2_Stream4_IRQHandler           /* DMA2 Stream 4                */                   
 210 0134 00000000 	  .word     ETH_IRQHandler                    /* Ethernet                     */                   
 211 0138 00000000 	  .word     ETH_WKUP_IRQHandler               /* Ethernet Wakeup through EXTI line */              
 212 013c 00000000 	  .word     CAN2_TX_IRQHandler                /* CAN2 TX                      */                   
 213 0140 00000000 	  .word     CAN2_RX0_IRQHandler               /* CAN2 RX0                     */                   
 214 0144 00000000 	  .word     CAN2_RX1_IRQHandler               /* CAN2 RX1                     */                   
 215 0148 00000000 	  .word     CAN2_SCE_IRQHandler               /* CAN2 SCE                     */                   
 216 014c 00000000 	  .word     OTG_FS_IRQHandler                 /* USB OTG FS                   */                   
 217 0150 00000000 	  .word     DMA2_Stream5_IRQHandler           /* DMA2 Stream 5                */                   
 218 0154 00000000 	  .word     DMA2_Stream6_IRQHandler           /* DMA2 Stream 6                */                   
 219 0158 00000000 	  .word     DMA2_Stream7_IRQHandler           /* DMA2 Stream 7                */                   
 220 015c 00000000 	  .word     USART6_IRQHandler                 /* USART6                       */                   
 221 0160 00000000 	  .word     I2C3_EV_IRQHandler                /* I2C3 event                   */                   
 222 0164 00000000 	  .word     I2C3_ER_IRQHandler                /* I2C3 error                   */                   
 223 0168 00000000 	  .word     OTG_HS_EP1_OUT_IRQHandler         /* USB OTG HS End Point 1 Out   */                   
 224 016c 00000000 	  .word     OTG_HS_EP1_IN_IRQHandler          /* USB OTG HS End Point 1 In    */                   
 225 0170 00000000 	  .word     OTG_HS_WKUP_IRQHandler            /* USB OTG HS Wakeup through EXTI */                 
 226 0174 00000000 	  .word     OTG_HS_IRQHandler                 /* USB OTG HS                   */                   
 227 0178 00000000 	  .word     DCMI_IRQHandler                   /* DCMI                         */                   
 228 017c 00000000 	  .word     CRYP_IRQHandler                   /* CRYP crypto                  */                   
ARM GAS  startup_stm32f4xx.s 			page 5


 229 0180 00000000 	  .word     HASH_RNG_IRQHandler               /* Hash and Rng                 */
 230 0184 00000000 	  .word     FPU_IRQHandler                    /* FPU                          */                   
 231              	                         
 232              	/*******************************************************************************
 233              	*
 234              	* Provide weak aliases for each Exception handler to the Default_Handler. 
 235              	* As they are weak aliases, any function with the same name will override 
 236              	* this definition.
 237              	* 
 238              	*******************************************************************************/
 239              	   .weak      NMI_Handler
 240              	   .thumb_set NMI_Handler,Default_Handler
 241              	  
 242              	   .weak      HardFault_Handler
 243              	   .thumb_set HardFault_Handler,Default_Handler
 244              	  
 245              	   .weak      MemManage_Handler
 246              	   .thumb_set MemManage_Handler,Default_Handler
 247              	  
 248              	   .weak      BusFault_Handler
 249              	   .thumb_set BusFault_Handler,Default_Handler
 250              	
 251              	   .weak      UsageFault_Handler
 252              	   .thumb_set UsageFault_Handler,Default_Handler
 253              	
 254              	   .weak      SVC_Handler
 255              	   .thumb_set SVC_Handler,Default_Handler
 256              	
 257              	   .weak      DebugMon_Handler
 258              	   .thumb_set DebugMon_Handler,Default_Handler
 259              	
 260              	   .weak      PendSV_Handler
 261              	   .thumb_set PendSV_Handler,Default_Handler
 262              	
 263              	   .weak      SysTick_Handler
 264              	   .thumb_set SysTick_Handler,Default_Handler              
 265              	  
 266              	   .weak      WWDG_IRQHandler                   
 267              	   .thumb_set WWDG_IRQHandler,Default_Handler      
 268              	                  
 269              	   .weak      PVD_IRQHandler      
 270              	   .thumb_set PVD_IRQHandler,Default_Handler
 271              	               
 272              	   .weak      TAMP_STAMP_IRQHandler            
 273              	   .thumb_set TAMP_STAMP_IRQHandler,Default_Handler
 274              	            
 275              	   .weak      RTC_WKUP_IRQHandler                  
 276              	   .thumb_set RTC_WKUP_IRQHandler,Default_Handler
 277              	            
 278              	   .weak      FLASH_IRQHandler         
 279              	   .thumb_set FLASH_IRQHandler,Default_Handler
 280              	                  
 281              	   .weak      RCC_IRQHandler      
 282              	   .thumb_set RCC_IRQHandler,Default_Handler
 283              	                  
 284              	   .weak      EXTI0_IRQHandler         
 285              	   .thumb_set EXTI0_IRQHandler,Default_Handler
ARM GAS  startup_stm32f4xx.s 			page 6


 286              	                  
 287              	   .weak      EXTI1_IRQHandler         
 288              	   .thumb_set EXTI1_IRQHandler,Default_Handler
 289              	                     
 290              	   .weak      EXTI2_IRQHandler         
 291              	   .thumb_set EXTI2_IRQHandler,Default_Handler 
 292              	                 
 293              	   .weak      EXTI3_IRQHandler         
 294              	   .thumb_set EXTI3_IRQHandler,Default_Handler
 295              	                        
 296              	   .weak      EXTI4_IRQHandler         
 297              	   .thumb_set EXTI4_IRQHandler,Default_Handler
 298              	                  
 299              	   .weak      DMA1_Stream0_IRQHandler               
 300              	   .thumb_set DMA1_Stream0_IRQHandler,Default_Handler
 301              	         
 302              	   .weak      DMA1_Stream1_IRQHandler               
 303              	   .thumb_set DMA1_Stream1_IRQHandler,Default_Handler
 304              	                  
 305              	   .weak      DMA1_Stream2_IRQHandler               
 306              	   .thumb_set DMA1_Stream2_IRQHandler,Default_Handler
 307              	                  
 308              	   .weak      DMA1_Stream3_IRQHandler               
 309              	   .thumb_set DMA1_Stream3_IRQHandler,Default_Handler 
 310              	                 
 311              	   .weak      DMA1_Stream4_IRQHandler              
 312              	   .thumb_set DMA1_Stream4_IRQHandler,Default_Handler
 313              	                  
 314              	   .weak      DMA1_Stream5_IRQHandler               
 315              	   .thumb_set DMA1_Stream5_IRQHandler,Default_Handler
 316              	                  
 317              	   .weak      DMA1_Stream6_IRQHandler               
 318              	   .thumb_set DMA1_Stream6_IRQHandler,Default_Handler
 319              	                  
 320              	   .weak      ADC_IRQHandler      
 321              	   .thumb_set ADC_IRQHandler,Default_Handler
 322              	               
 323              	   .weak      CAN1_TX_IRQHandler   
 324              	   .thumb_set CAN1_TX_IRQHandler,Default_Handler
 325              	            
 326              	   .weak      CAN1_RX0_IRQHandler                  
 327              	   .thumb_set CAN1_RX0_IRQHandler,Default_Handler
 328              	                           
 329              	   .weak      CAN1_RX1_IRQHandler                  
 330              	   .thumb_set CAN1_RX1_IRQHandler,Default_Handler
 331              	            
 332              	   .weak      CAN1_SCE_IRQHandler                  
 333              	   .thumb_set CAN1_SCE_IRQHandler,Default_Handler
 334              	            
 335              	   .weak      EXTI9_5_IRQHandler   
 336              	   .thumb_set EXTI9_5_IRQHandler,Default_Handler
 337              	            
 338              	   .weak      TIM1_BRK_TIM9_IRQHandler            
 339              	   .thumb_set TIM1_BRK_TIM9_IRQHandler,Default_Handler
 340              	            
 341              	   .weak      TIM1_UP_TIM10_IRQHandler            
 342              	   .thumb_set TIM1_UP_TIM10_IRQHandler,Default_Handler
ARM GAS  startup_stm32f4xx.s 			page 7


 343              	      
 344              	   .weak      TIM1_TRG_COM_TIM11_IRQHandler      
 345              	   .thumb_set TIM1_TRG_COM_TIM11_IRQHandler,Default_Handler
 346              	      
 347              	   .weak      TIM1_CC_IRQHandler   
 348              	   .thumb_set TIM1_CC_IRQHandler,Default_Handler
 349              	                  
 350              	   .weak      TIM2_IRQHandler            
 351              	   .thumb_set TIM2_IRQHandler,Default_Handler
 352              	                  
 353              	   .weak      TIM3_IRQHandler            
 354              	   .thumb_set TIM3_IRQHandler,Default_Handler
 355              	                  
 356              	   .weak      TIM4_IRQHandler            
 357              	   .thumb_set TIM4_IRQHandler,Default_Handler
 358              	                  
 359              	   .weak      I2C1_EV_IRQHandler   
 360              	   .thumb_set I2C1_EV_IRQHandler,Default_Handler
 361              	                     
 362              	   .weak      I2C1_ER_IRQHandler   
 363              	   .thumb_set I2C1_ER_IRQHandler,Default_Handler
 364              	                     
 365              	   .weak      I2C2_EV_IRQHandler   
 366              	   .thumb_set I2C2_EV_IRQHandler,Default_Handler
 367              	                  
 368              	   .weak      I2C2_ER_IRQHandler   
 369              	   .thumb_set I2C2_ER_IRQHandler,Default_Handler
 370              	                           
 371              	   .weak      SPI1_IRQHandler            
 372              	   .thumb_set SPI1_IRQHandler,Default_Handler
 373              	                        
 374              	   .weak      SPI2_IRQHandler            
 375              	   .thumb_set SPI2_IRQHandler,Default_Handler
 376              	                  
 377              	   .weak      USART1_IRQHandler      
 378              	   .thumb_set USART1_IRQHandler,Default_Handler
 379              	                     
 380              	   .weak      USART2_IRQHandler      
 381              	   .thumb_set USART2_IRQHandler,Default_Handler
 382              	                     
 383              	   .weak      USART3_IRQHandler      
 384              	   .thumb_set USART3_IRQHandler,Default_Handler
 385              	                  
 386              	   .weak      EXTI15_10_IRQHandler               
 387              	   .thumb_set EXTI15_10_IRQHandler,Default_Handler
 388              	               
 389              	   .weak      RTC_Alarm_IRQHandler               
 390              	   .thumb_set RTC_Alarm_IRQHandler,Default_Handler
 391              	            
 392              	   .weak      OTG_FS_WKUP_IRQHandler         
 393              	   .thumb_set OTG_FS_WKUP_IRQHandler,Default_Handler
 394              	            
 395              	   .weak      TIM8_BRK_TIM12_IRQHandler         
 396              	   .thumb_set TIM8_BRK_TIM12_IRQHandler,Default_Handler
 397              	         
 398              	   .weak      TIM8_UP_TIM13_IRQHandler            
 399              	   .thumb_set TIM8_UP_TIM13_IRQHandler,Default_Handler
ARM GAS  startup_stm32f4xx.s 			page 8


 400              	         
 401              	   .weak      TIM8_TRG_COM_TIM14_IRQHandler      
 402              	   .thumb_set TIM8_TRG_COM_TIM14_IRQHandler,Default_Handler
 403              	      
 404              	   .weak      TIM8_CC_IRQHandler   
 405              	   .thumb_set TIM8_CC_IRQHandler,Default_Handler
 406              	                  
 407              	   .weak      DMA1_Stream7_IRQHandler               
 408              	   .thumb_set DMA1_Stream7_IRQHandler,Default_Handler
 409              	                     
 410              	   .weak      FSMC_IRQHandler            
 411              	   .thumb_set FSMC_IRQHandler,Default_Handler
 412              	                     
 413              	   .weak      SDIO_IRQHandler            
 414              	   .thumb_set SDIO_IRQHandler,Default_Handler
 415              	                     
 416              	   .weak      TIM5_IRQHandler            
 417              	   .thumb_set TIM5_IRQHandler,Default_Handler
 418              	                     
 419              	   .weak      SPI3_IRQHandler            
 420              	   .thumb_set SPI3_IRQHandler,Default_Handler
 421              	                     
 422              	   .weak      UART4_IRQHandler         
 423              	   .thumb_set UART4_IRQHandler,Default_Handler
 424              	                  
 425              	   .weak      UART5_IRQHandler         
 426              	   .thumb_set UART5_IRQHandler,Default_Handler
 427              	                  
 428              	   .weak      TIM6_DAC_IRQHandler                  
 429              	   .thumb_set TIM6_DAC_IRQHandler,Default_Handler
 430              	               
 431              	   .weak      TIM7_IRQHandler            
 432              	   .thumb_set TIM7_IRQHandler,Default_Handler
 433              	         
 434              	   .weak      DMA2_Stream0_IRQHandler               
 435              	   .thumb_set DMA2_Stream0_IRQHandler,Default_Handler
 436              	               
 437              	   .weak      DMA2_Stream1_IRQHandler               
 438              	   .thumb_set DMA2_Stream1_IRQHandler,Default_Handler
 439              	                  
 440              	   .weak      DMA2_Stream2_IRQHandler               
 441              	   .thumb_set DMA2_Stream2_IRQHandler,Default_Handler
 442              	            
 443              	   .weak      DMA2_Stream3_IRQHandler               
 444              	   .thumb_set DMA2_Stream3_IRQHandler,Default_Handler
 445              	            
 446              	   .weak      DMA2_Stream4_IRQHandler               
 447              	   .thumb_set DMA2_Stream4_IRQHandler,Default_Handler
 448              	            
 449              	   .weak      ETH_IRQHandler      
 450              	   .thumb_set ETH_IRQHandler,Default_Handler
 451              	                  
 452              	   .weak      ETH_WKUP_IRQHandler                  
 453              	   .thumb_set ETH_WKUP_IRQHandler,Default_Handler
 454              	            
 455              	   .weak      CAN2_TX_IRQHandler   
 456              	   .thumb_set CAN2_TX_IRQHandler,Default_Handler
ARM GAS  startup_stm32f4xx.s 			page 9


 457              	                           
 458              	   .weak      CAN2_RX0_IRQHandler                  
 459              	   .thumb_set CAN2_RX0_IRQHandler,Default_Handler
 460              	                           
 461              	   .weak      CAN2_RX1_IRQHandler                  
 462              	   .thumb_set CAN2_RX1_IRQHandler,Default_Handler
 463              	                           
 464              	   .weak      CAN2_SCE_IRQHandler                  
 465              	   .thumb_set CAN2_SCE_IRQHandler,Default_Handler
 466              	                           
 467              	   .weak      OTG_FS_IRQHandler      
 468              	   .thumb_set OTG_FS_IRQHandler,Default_Handler
 469              	                     
 470              	   .weak      DMA2_Stream5_IRQHandler               
 471              	   .thumb_set DMA2_Stream5_IRQHandler,Default_Handler
 472              	                  
 473              	   .weak      DMA2_Stream6_IRQHandler               
 474              	   .thumb_set DMA2_Stream6_IRQHandler,Default_Handler
 475              	                  
 476              	   .weak      DMA2_Stream7_IRQHandler               
 477              	   .thumb_set DMA2_Stream7_IRQHandler,Default_Handler
 478              	                  
 479              	   .weak      USART6_IRQHandler      
 480              	   .thumb_set USART6_IRQHandler,Default_Handler
 481              	                        
 482              	   .weak      I2C3_EV_IRQHandler   
 483              	   .thumb_set I2C3_EV_IRQHandler,Default_Handler
 484              	                        
 485              	   .weak      I2C3_ER_IRQHandler   
 486              	   .thumb_set I2C3_ER_IRQHandler,Default_Handler
 487              	                        
 488              	   .weak      OTG_HS_EP1_OUT_IRQHandler         
 489              	   .thumb_set OTG_HS_EP1_OUT_IRQHandler,Default_Handler
 490              	               
 491              	   .weak      OTG_HS_EP1_IN_IRQHandler            
 492              	   .thumb_set OTG_HS_EP1_IN_IRQHandler,Default_Handler
 493              	               
 494              	   .weak      OTG_HS_WKUP_IRQHandler         
 495              	   .thumb_set OTG_HS_WKUP_IRQHandler,Default_Handler
 496              	            
 497              	   .weak      OTG_HS_IRQHandler      
 498              	   .thumb_set OTG_HS_IRQHandler,Default_Handler
 499              	                  
 500              	   .weak      DCMI_IRQHandler            
 501              	   .thumb_set DCMI_IRQHandler,Default_Handler
 502              	                     
 503              	   .weak      CRYP_IRQHandler            
 504              	   .thumb_set CRYP_IRQHandler,Default_Handler
 505              	               
 506              	   .weak      HASH_RNG_IRQHandler                  
 507              	   .thumb_set HASH_RNG_IRQHandler,Default_Handler   
 508              	
 509              	   .weak      FPU_IRQHandler                  
 510              	   .thumb_set FPU_IRQHandler,Default_Handler  
 511              	   
 512              	/*******************   (C)   COPYRIGHT   2011   STMicroelectronics   *****END   OF   FILE****/
ARM GAS  startup_stm32f4xx.s 			page 10


DEFINED SYMBOLS
 startup_stm32f4xx.s:130    .isr_vector:00000000 g_pfnVectors
 startup_stm32f4xx.s:114    .text.Default_Handler:00000000 Default_Handler
 startup_stm32f4xx.s:66     .text.Reset_Handler:00000000 Reset_Handler
 startup_stm32f4xx.s:69     .text.Reset_Handler:00000000 $t
 startup_stm32f4xx.s:78     .text.Reset_Handler:0000000c LoopCopyDataInit
 startup_stm32f4xx.s:72     .text.Reset_Handler:00000004 CopyDataInit
 startup_stm32f4xx.s:91     .text.Reset_Handler:00000020 LoopFillZerobss
 startup_stm32f4xx.s:87     .text.Reset_Handler:0000001a FillZerobss
 startup_stm32f4xx.s:115    .text.Default_Handler:00000000 Infinite_Loop
 startup_stm32f4xx.s:116    .text.Default_Handler:00000000 $t
 startup_stm32f4xx.s:114    .text.Default_Handler:00000000 NMI_Handler
 startup_stm32f4xx.s:114    .text.Default_Handler:00000000 HardFault_Handler
 startup_stm32f4xx.s:114    .text.Default_Handler:00000000 MemManage_Handler
 startup_stm32f4xx.s:114    .text.Default_Handler:00000000 BusFault_Handler
 startup_stm32f4xx.s:114    .text.Default_Handler:00000000 UsageFault_Handler
 startup_stm32f4xx.s:114    .text.Default_Handler:00000000 SVC_Handler
 startup_stm32f4xx.s:114    .text.Default_Handler:00000000 DebugMon_Handler
 startup_stm32f4xx.s:114    .text.Default_Handler:00000000 PendSV_Handler
 startup_stm32f4xx.s:114    .text.Default_Handler:00000000 SysTick_Handler
 startup_stm32f4xx.s:114    .text.Default_Handler:00000000 WWDG_IRQHandler
 startup_stm32f4xx.s:114    .text.Default_Handler:00000000 PVD_IRQHandler
 startup_stm32f4xx.s:114    .text.Default_Handler:00000000 TAMP_STAMP_IRQHandler
 startup_stm32f4xx.s:114    .text.Default_Handler:00000000 RTC_WKUP_IRQHandler
 startup_stm32f4xx.s:114    .text.Default_Handler:00000000 FLASH_IRQHandler
 startup_stm32f4xx.s:114    .text.Default_Handler:00000000 RCC_IRQHandler
 startup_stm32f4xx.s:114    .text.Default_Handler:00000000 EXTI0_IRQHandler
 startup_stm32f4xx.s:114    .text.Default_Handler:00000000 EXTI1_IRQHandler
 startup_stm32f4xx.s:114    .text.Default_Handler:00000000 EXTI2_IRQHandler
 startup_stm32f4xx.s:114    .text.Default_Handler:00000000 EXTI3_IRQHandler
 startup_stm32f4xx.s:114    .text.Default_Handler:00000000 EXTI4_IRQHandler
 startup_stm32f4xx.s:114    .text.Default_Handler:00000000 DMA1_Stream0_IRQHandler
 startup_stm32f4xx.s:114    .text.Default_Handler:00000000 DMA1_Stream1_IRQHandler
 startup_stm32f4xx.s:114    .text.Default_Handler:00000000 DMA1_Stream2_IRQHandler
 startup_stm32f4xx.s:114    .text.Default_Handler:00000000 DMA1_Stream3_IRQHandler
 startup_stm32f4xx.s:114    .text.Default_Handler:00000000 DMA1_Stream4_IRQHandler
 startup_stm32f4xx.s:114    .text.Default_Handler:00000000 DMA1_Stream5_IRQHandler
 startup_stm32f4xx.s:114    .text.Default_Handler:00000000 DMA1_Stream6_IRQHandler
 startup_stm32f4xx.s:114    .text.Default_Handler:00000000 ADC_IRQHandler
 startup_stm32f4xx.s:114    .text.Default_Handler:00000000 CAN1_TX_IRQHandler
 startup_stm32f4xx.s:114    .text.Default_Handler:00000000 CAN1_RX0_IRQHandler
 startup_stm32f4xx.s:114    .text.Default_Handler:00000000 CAN1_RX1_IRQHandler
 startup_stm32f4xx.s:114    .text.Default_Handler:00000000 CAN1_SCE_IRQHandler
 startup_stm32f4xx.s:114    .text.Default_Handler:00000000 EXTI9_5_IRQHandler
 startup_stm32f4xx.s:114    .text.Default_Handler:00000000 TIM1_BRK_TIM9_IRQHandler
 startup_stm32f4xx.s:114    .text.Default_Handler:00000000 TIM1_UP_TIM10_IRQHandler
 startup_stm32f4xx.s:114    .text.Default_Handler:00000000 TIM1_TRG_COM_TIM11_IRQHandler
 startup_stm32f4xx.s:114    .text.Default_Handler:00000000 TIM1_CC_IRQHandler
 startup_stm32f4xx.s:114    .text.Default_Handler:00000000 TIM2_IRQHandler
 startup_stm32f4xx.s:114    .text.Default_Handler:00000000 TIM3_IRQHandler
 startup_stm32f4xx.s:114    .text.Default_Handler:00000000 TIM4_IRQHandler
 startup_stm32f4xx.s:114    .text.Default_Handler:00000000 I2C1_EV_IRQHandler
 startup_stm32f4xx.s:114    .text.Default_Handler:00000000 I2C1_ER_IRQHandler
 startup_stm32f4xx.s:114    .text.Default_Handler:00000000 I2C2_EV_IRQHandler
 startup_stm32f4xx.s:114    .text.Default_Handler:00000000 I2C2_ER_IRQHandler
 startup_stm32f4xx.s:114    .text.Default_Handler:00000000 SPI1_IRQHandler
 startup_stm32f4xx.s:114    .text.Default_Handler:00000000 SPI2_IRQHandler
ARM GAS  startup_stm32f4xx.s 			page 11


 startup_stm32f4xx.s:114    .text.Default_Handler:00000000 USART1_IRQHandler
 startup_stm32f4xx.s:114    .text.Default_Handler:00000000 USART2_IRQHandler
 startup_stm32f4xx.s:114    .text.Default_Handler:00000000 USART3_IRQHandler
 startup_stm32f4xx.s:114    .text.Default_Handler:00000000 EXTI15_10_IRQHandler
 startup_stm32f4xx.s:114    .text.Default_Handler:00000000 RTC_Alarm_IRQHandler
 startup_stm32f4xx.s:114    .text.Default_Handler:00000000 OTG_FS_WKUP_IRQHandler
 startup_stm32f4xx.s:114    .text.Default_Handler:00000000 TIM8_BRK_TIM12_IRQHandler
 startup_stm32f4xx.s:114    .text.Default_Handler:00000000 TIM8_UP_TIM13_IRQHandler
 startup_stm32f4xx.s:114    .text.Default_Handler:00000000 TIM8_TRG_COM_TIM14_IRQHandler
 startup_stm32f4xx.s:114    .text.Default_Handler:00000000 TIM8_CC_IRQHandler
 startup_stm32f4xx.s:114    .text.Default_Handler:00000000 DMA1_Stream7_IRQHandler
 startup_stm32f4xx.s:114    .text.Default_Handler:00000000 FSMC_IRQHandler
 startup_stm32f4xx.s:114    .text.Default_Handler:00000000 SDIO_IRQHandler
 startup_stm32f4xx.s:114    .text.Default_Handler:00000000 TIM5_IRQHandler
 startup_stm32f4xx.s:114    .text.Default_Handler:00000000 SPI3_IRQHandler
 startup_stm32f4xx.s:114    .text.Default_Handler:00000000 UART4_IRQHandler
 startup_stm32f4xx.s:114    .text.Default_Handler:00000000 UART5_IRQHandler
 startup_stm32f4xx.s:114    .text.Default_Handler:00000000 TIM6_DAC_IRQHandler
 startup_stm32f4xx.s:114    .text.Default_Handler:00000000 TIM7_IRQHandler
 startup_stm32f4xx.s:114    .text.Default_Handler:00000000 DMA2_Stream0_IRQHandler
 startup_stm32f4xx.s:114    .text.Default_Handler:00000000 DMA2_Stream1_IRQHandler
 startup_stm32f4xx.s:114    .text.Default_Handler:00000000 DMA2_Stream2_IRQHandler
 startup_stm32f4xx.s:114    .text.Default_Handler:00000000 DMA2_Stream3_IRQHandler
 startup_stm32f4xx.s:114    .text.Default_Handler:00000000 DMA2_Stream4_IRQHandler
 startup_stm32f4xx.s:114    .text.Default_Handler:00000000 ETH_IRQHandler
 startup_stm32f4xx.s:114    .text.Default_Handler:00000000 ETH_WKUP_IRQHandler
 startup_stm32f4xx.s:114    .text.Default_Handler:00000000 CAN2_TX_IRQHandler
 startup_stm32f4xx.s:114    .text.Default_Handler:00000000 CAN2_RX0_IRQHandler
 startup_stm32f4xx.s:114    .text.Default_Handler:00000000 CAN2_RX1_IRQHandler
 startup_stm32f4xx.s:114    .text.Default_Handler:00000000 CAN2_SCE_IRQHandler
 startup_stm32f4xx.s:114    .text.Default_Handler:00000000 OTG_FS_IRQHandler
 startup_stm32f4xx.s:114    .text.Default_Handler:00000000 DMA2_Stream5_IRQHandler
 startup_stm32f4xx.s:114    .text.Default_Handler:00000000 DMA2_Stream6_IRQHandler
 startup_stm32f4xx.s:114    .text.Default_Handler:00000000 DMA2_Stream7_IRQHandler
 startup_stm32f4xx.s:114    .text.Default_Handler:00000000 USART6_IRQHandler
 startup_stm32f4xx.s:114    .text.Default_Handler:00000000 I2C3_EV_IRQHandler
 startup_stm32f4xx.s:114    .text.Default_Handler:00000000 I2C3_ER_IRQHandler
 startup_stm32f4xx.s:114    .text.Default_Handler:00000000 OTG_HS_EP1_OUT_IRQHandler
 startup_stm32f4xx.s:114    .text.Default_Handler:00000000 OTG_HS_EP1_IN_IRQHandler
 startup_stm32f4xx.s:114    .text.Default_Handler:00000000 OTG_HS_WKUP_IRQHandler
 startup_stm32f4xx.s:114    .text.Default_Handler:00000000 OTG_HS_IRQHandler
 startup_stm32f4xx.s:114    .text.Default_Handler:00000000 DCMI_IRQHandler
 startup_stm32f4xx.s:114    .text.Default_Handler:00000000 CRYP_IRQHandler
 startup_stm32f4xx.s:114    .text.Default_Handler:00000000 HASH_RNG_IRQHandler
 startup_stm32f4xx.s:114    .text.Default_Handler:00000000 FPU_IRQHandler
 startup_stm32f4xx.s:113    .text.Reset_Handler:0000002c $d

UNDEFINED SYMBOLS
_sidata
_sdata
_edata
_sbss
_ebss
main
_estack
